2024-10-23 13:44:16 [INFO] AnycubicPhotonWorkshop start!
2024-10-23 13:44:16 [INFO] argc:  2
2024-10-23 13:44:16 [WARN] "C:/Program Files/AnycubicPhotonWorkshop"
2024-10-23 13:44:16 [WARN] Successfully init crashpad
2024-10-23 13:44:16 [WARN] Unable to enumerate family ' "Alibaba PuHuiTi 3.0 55 Regular L3" '
2024-10-23 13:44:17 [WARN] Unable to enumerate family ' "Alibaba PuHuiTi 3.0 95 ExtraBold" '
2024-10-23 13:44:17 [INFO] ctk manager plugins:  "C:/Program Files/AnycubicPhotonWorkshop/plugins/"
2024-10-23 13:44:17 [INFO] Load plugin org.commontk.eventadmin success.
2024-10-23 13:44:17 [INFO] [Install Plugin] "C:/Program Files/AnycubicPhotonWorkshop/plugins/splashwindow.dll"
2024-10-23 13:44:17 [INFO] Install Plugin Success!
2024-10-23 13:44:17 [WARN] Unable to enumerate family ' "Alibaba PuHuiTi 3.0 55 Regular L3" '
2024-10-23 13:44:17 [WARN] Unable to enumerate family ' "Alibaba PuHuiTi 3.0 95 ExtraBold" '
2024-10-23 13:44:17 [INFO] [Install Plugin] "C:/Program Files/AnycubicPhotonWorkshop/plugins/printer.dll"
2024-10-23 13:44:17 [INFO] Install Plugin Success!
2024-10-23 13:44:17 [WARN] loadMachineResin currentPrinter(Anycubic Photon Mono X) init success.
2024-10-23 13:44:17 [INFO] loadMachineParamRange is success.
2024-10-23 13:44:17 [INFO] loadMachineResinType is success.
2024-10-23 13:44:17 [INFO] loadMachineResinName is success.
2024-10-23 13:44:17 [INFO] [Install Plugin] "C:/Program Files/AnycubicPhotonWorkshop/plugins/mainwindow.dll"
2024-10-23 13:44:17 [INFO] Install Plugin Success!
2024-10-23 13:44:17 [INFO] "current server is testserver. 0"
2024-10-23 13:44:17 [INFO] "environment_url is https://workbentch.s3.us-east-2.amazonaws.com/workshop/environment.ini"
2024-10-23 13:44:17 [INFO] QmlFactory 0.011 s
2024-10-23 13:44:17 [INFO] [Install Plugin] "C:/Program Files/AnycubicPhotonWorkshop/plugins/autoupdater.dll"
2024-10-23 13:44:17 [INFO] Install Plugin Success!
2024-10-23 13:44:17 [INFO] [Install Plugin] "C:/Program Files/AnycubicPhotonWorkshop/plugins/gareport.dll"
2024-10-23 13:44:17 [INFO] Install Plugin Success!
2024-10-23 13:44:17 [INFO] [Install Plugin] "C:/Program Files/AnycubicPhotonWorkshop/plugins/accloud.dll"
2024-10-23 13:44:17 [INFO] Install Plugin Success!
2024-10-23 13:44:17 [WARN] ACCloudDataModel::ACCloudDataModel, importTempPath = C:/Users/russi/AppData/Local/Temp/ac_cloud/, dowloadPath = C:/Users/russi/Downloads/ac_cloud/
2024-10-23 13:44:17 [WARN] CountriesDataModel::setCurrCountryIdn, newCurrCountryIdn = CN
2024-10-23 13:44:17 [WARN] void __cdecl ACCloudNetRequest::getCountries(void)
2024-10-23 13:44:17 [WARN] void __cdecl ACCloudNetRequest::getPrintCtrlCodeReasons(void)
2024-10-23 13:44:17 [WARN] ACCloudManager::ACCloudManager, cloud model, build_time = 2024-02-28 17:54:44, git_brance = release/pws3.3, git_hash = d70c34a, git_commit = 2024-02-28
2024-10-23 13:44:17 [INFO] [Install Plugin] "C:/Program Files/AnycubicPhotonWorkshop/plugins/facegen.dll"
2024-10-23 13:44:17 [INFO] Install Plugin Success!
2024-10-23 13:44:17 [WARN] Translation::changedSystemLanguage, language = 0
2024-10-23 13:44:17 [WARN] register  GizmoController
2024-10-23 13:44:17 [WARN] enableMenuShortcut menushort cut: 0
2024-10-23 13:44:17 [INFO] uiState:  false
2024-10-23 13:44:17 [WARN] enableMenuShortcut menushort cut: 0
2024-10-23 13:44:17 [WARN] QFSFileEngine::open: No file name specified
2024-10-23 13:44:17 [WARN] Cannot open file '', because: No file name specified
2024-10-23 13:44:17 [WARN] QFSFileEngine::open: No file name specified
2024-10-23 13:44:17 [WARN] Cannot open file '', because: No file name specified
2024-10-23 13:44:17 [WARN] QFSFileEngine::open: No file name specified
2024-10-23 13:44:17 [WARN] Cannot open file '', because: No file name specified
2024-10-23 13:44:17 [WARN] QFSFileEngine::open: No file name specified
2024-10-23 13:44:17 [WARN] Cannot open file '', because: No file name specified
2024-10-23 13:44:17 [WARN] QFSFileEngine::open: No file name specified
2024-10-23 13:44:17 [WARN] Cannot open file '', because: No file name specified
2024-10-23 13:44:17 [WARN] QFSFileEngine::open: No file name specified
2024-10-23 13:44:17 [WARN] Cannot open file '', because: No file name specified
2024-10-23 13:44:17 [WARN] QFSFileEngine::open: No file name specified
2024-10-23 13:44:17 [WARN] Cannot open file '', because: No file name specified
2024-10-23 13:44:18 [WARN] xChanged 1
2024-10-23 13:44:18 [INFO] event:  "splash_window_visible" data:  QVariant(bool, false) extentionData:  QVariant(Invalid)
2024-10-23 13:44:18 [INFO] event:  "main_load" data:  QVariant(Invalid) extentionData:  QVariant(Invalid)
2024-10-23 13:44:18 [INFO] event:  "main_language_changed" data:  QVariant(int, 0) extentionData:  QVariant(Invalid)
2024-10-23 13:44:18 [INFO] uiState:  true
2024-10-23 13:44:18 [WARN] creating renderer
2024-10-23 13:44:18 [WARN] printer valid --:  96 60
2024-10-23 13:44:18 [WARN] printer build --:  96 60
2024-10-23 13:44:18 [WARN] deltaX -- :  0
2024-10-23 13:44:18 [WARN] deltaY -- :  0
2024-10-23 13:44:18 [WARN] machine boarder width 2-------------------- 
2024-10-23 13:44:18 [WARN] create planar shadow node
2024-10-23 13:44:18 [WARN] loadGizmoRotationHead OK 576
2024-10-23 13:44:18 [INFO] osg_scene_root::traverse nv_class =  "" ,name =  "NodeVisitor"
2024-10-23 13:44:18 [INFO] osg_scene_root::traverse nv_class =  "" ,name =  "\"CollectedCoordinateSystemNodesVisitor\""
2024-10-23 13:44:18 [INFO] osg_scene_root::traverse nv_class =  "" ,name =  "ComputeBoundsVisitor"
2024-10-23 13:44:18 [INFO]  camera_manipulator::home
2024-10-23 13:44:18 [INFO]  camera_manipulator::home/ComputeBound
2024-10-23 13:44:18 [INFO]  camera_manipulator::home
2024-10-23 13:44:18 [INFO]  camera_manipulator::home/ComputeBound
2024-10-23 13:44:18 [INFO]  camera_manipulator::home/BoundingSphere
2024-10-23 13:44:18 [INFO] osg_scene_root::traverse nv_class =  "CollectMatchGeodeVisitor" ,name =  "NodeVisitor"
2024-10-23 13:44:18 [INFO]  camera_manipulator::home/udpate_view
2024-10-23 13:44:18 [INFO] osg_scene_root::traverse nv_class =  "" ,name =  "GLObjectsVisitor"
2024-10-23 13:44:18 [WARN] GL Verison:  0x1c08bea00a0
2024-10-23 13:44:18 [WARN] GL Renderer:  0x1c08bef7b74
2024-10-23 13:44:18 [WARN] compile shader program ok
2024-10-23 13:44:18 [WARN] compile shader program ok
2024-10-23 13:44:18 [WARN] compile shader program ok
2024-10-23 13:44:18 [WARN] AnyGizmos::Im3d_Init      LoadCompileShader Ok
2024-10-23 13:44:18 [WARN] AnyGizmos::Im3d_Init   VAO release Ok
2024-10-23 13:44:18 [INFO] osg_scene_root::traverse nv_class =  "CollectMatchGeodeVisitor" ,name =  "NodeVisitor"
2024-10-23 13:44:18 [WARN] QFSFileEngine::open: No file name specified
2024-10-23 13:44:18 [WARN] Cannot open file '', because: No file name specified
2024-10-23 13:44:18 [WARN] QFSFileEngine::open: No file name specified
2024-10-23 13:44:18 [WARN] Cannot open file '', because: No file name specified
2024-10-23 13:44:18 [INFO] event:  "updater_init_compeleted" data:  QVariant(Invalid) extentionData:  QVariant(Invalid)
2024-10-23 13:44:18 [WARN] void __cdecl EventMiniHandlerCallback::event(const struct ReasonResponse *,unsigned int)
2024-10-23 13:44:18 [WARN] QFSFileEngine::open: No file name specified
2024-10-23 13:44:18 [WARN] Cannot open file '', because: No file name specified
2024-10-23 13:44:18 [WARN] QFSFileEngine::open: No file name specified
2024-10-23 13:44:18 [WARN] Cannot open file '', because: No file name specified
2024-10-23 13:44:18 [INFO] osg_scene_root::traverse nv_class =  "CollectMatchGeodeVisitor" ,name =  "NodeVisitor"
2024-10-23 13:44:18 [INFO] osg_scene_root::traverse nv_class =  "CollectMatchGeodeVisitor" ,name =  "NodeVisitor"
2024-10-23 13:44:18 [INFO] osg_scene_root::traverse nv_class =  "CollectMatchGeodeVisitor" ,name =  "NodeVisitor"
2024-10-23 13:44:18 [INFO] osg_scene_root::traverse nv_class =  "CollectMatchGeodeVisitor" ,name =  "NodeVisitor"
2024-10-23 13:44:18 [INFO] osg_scene_root::traverse nv_class =  "CollectMatchGeodeVisitor" ,name =  "NodeVisitor"
2024-10-23 13:44:18 [WARN] void __cdecl ACCloudNetRequest::getCountries(void)
2024-10-23 13:44:18 [WARN] void __cdecl ACCloudNetRequest::getPrintCtrlCodeReasons(void)
2024-10-23 13:44:18 [INFO] osg_scene_root::traverse nv_class =  "CollectMatchGeodeVisitor" ,name =  "NodeVisitor"
2024-10-23 13:44:18 [INFO] event:  "accloud_start_init" data:  QVariant(int, 0) extentionData:  QVariant(int, 0)
2024-10-23 13:44:18 [INFO] parseImportFiles model files: C:\Users\russi\Documents\GitHub\pionController\PionController\libs\FTSH.pretty\FTSH-107-01-L-DV-K-A.step
2024-10-23 13:44:18 [INFO] parseImportFiles model files: C:\Users\russi\Documents\GitHub\pionController\PionController\libs\FTSH.pretty\FTSH-107-01-L-DV-K-A.step
2024-10-23 13:44:18 [WARN]  - 1 ImportFilesDialog, importModelFiles file = C:\Users\russi\Documents\GitHub\pionController\PionController\libs\FTSH.pretty\FTSH-107-01-L-DV-K-A.step, modelQualityChecked = true
2024-10-23 13:44:18 [INFO] "start check autoUpdater!"
2024-10-23 13:44:18 [WARN] -slot_closeGizmoWhenLoadModel
2024-10-23 13:44:18 [INFO] event:  "updater_check" data:  QVariant(Invalid) extentionData:  QVariant(Invalid)
2024-10-23 13:44:18 [WARN] void __cdecl PrintersDataModel::onReasonResponse(const struct ReasonResponse *,int)
count = 231
2024-10-23 13:44:18 [INFO] send post data success!
2024-10-23 13:44:18 [INFO] osg_scene_root::traverse nv_class =  "CollectMatchGeodeVisitor" ,name =  "NodeVisitor"
2024-10-23 13:44:18 [INFO] sendData:  "{\n    \"appName\": \"AnycubicPhotonWorkshop_V3.3.0\",\n    \"appVersion\": \"v3.3.0\",\n    \"business\": \"\",\n    \"city\": \"0\",\n    \"country\": \"\xE4\xBF\x9D\xE5\x8A\xA0\xE5\x88\xA9\xE4\xBA\x9A\",\n    \"elementContent\": \"\",\n    \"elementType\": \"\",\n    \"eventName\": \"AppStart\",\n    \"function\": \"\",\n    \"isOverseasVersion\": true,\n    \"module\": \"\",\n    \"pcId\": \"af6c444f8dbc006df7f547801d21fd5e\",\n    \"printerType\": \"\",\n    \"province\": \"Sofia\",\n    \"timestamp\": 1729680258,\n    \"title\": \"\",\n    \"userId\": 0\n}\n"
2024-10-23 13:44:18 [INFO] osg_scene_root::traverse nv_class =  "CollectMatchGeodeVisitor" ,name =  "NodeVisitor"
2024-10-23 13:44:18 [INFO] osg_scene_root::traverse nv_class =  "CollectMatchGeodeVisitor" ,name =  "NodeVisitor"
2024-10-23 13:44:18 [WARN] QFSFileEngine::open: No file name specified
2024-10-23 13:44:18 [WARN] Cannot open file '', because: No file name specified
2024-10-23 13:44:18 [INFO] osg_scene_root::traverse nv_class =  "CollectMatchGeodeVisitor" ,name =  "NodeVisitor"
2024-10-23 13:44:18 [WARN] QFSFileEngine::open: No file name specified
2024-10-23 13:44:18 [WARN] Cannot open file '', because: No file name specified
2024-10-23 13:44:18 [INFO] osg_scene_root::traverse nv_class =  "CollectMatchGeodeVisitor" ,name =  "NodeVisitor"
2024-10-23 13:44:18 [WARN] QFSFileEngine::open: No file name specified
2024-10-23 13:44:18 [WARN] Cannot open file '', because: No file name specified
2024-10-23 13:44:18 [INFO] osg_scene_root::traverse nv_class =  "CollectMatchGeodeVisitor" ,name =  "NodeVisitor"
2024-10-23 13:44:18 [INFO] osg_scene_root::traverse nv_class =  "CollectMatchGeodeVisitor" ,name =  "NodeVisitor"
2024-10-23 13:44:18 [INFO] osg_scene_root::traverse nv_class =  "CollectMatchGeodeVisitor" ,name =  "NodeVisitor"
2024-10-23 13:44:18 [INFO] osg_scene_root::traverse nv_class =  "CollectMatchGeodeVisitor" ,name =  "NodeVisitor"
2024-10-23 13:44:18 [INFO] osg_scene_root::traverse nv_class =  "CollectMatchGeodeVisitor" ,name =  "NodeVisitor"
2024-10-23 13:44:18 [INFO] osg_scene_root::traverse nv_class =  "CollectMatchGeodeVisitor" ,name =  "NodeVisitor"
2024-10-23 13:44:18 [INFO] osg_scene_root::traverse nv_class =  "CollectMatchGeodeVisitor" ,name =  "NodeVisitor"
2024-10-23 13:44:18 [WARN] QFSFileEngine::open: No file name specified
2024-10-23 13:44:18 [WARN] Cannot open file '', because: No file name specified
2024-10-23 13:44:18 [WARN] QFSFileEngine::open: No file name specified
2024-10-23 13:44:18 [WARN] Cannot open file '', because: No file name specified
2024-10-23 13:44:18 [INFO] osg_scene_root::traverse nv_class =  "CollectMatchGeodeVisitor" ,name =  "NodeVisitor"
2024-10-23 13:44:18 [WARN] QFSFileEngine::open: No file name specified
2024-10-23 13:44:18 [WARN] Cannot open file '', because: No file name specified
2024-10-23 13:44:18 [INFO] osg_scene_root::traverse nv_class =  "CollectMatchGeodeVisitor" ,name =  "NodeVisitor"
2024-10-23 13:44:18 [WARN] QFSFileEngine::open: No file name specified
2024-10-23 13:44:18 [WARN] Cannot open file '', because: No file name specified
2024-10-23 13:44:18 [WARN] QFSFileEngine::open: No file name specified
2024-10-23 13:44:18 [WARN] Cannot open file '', because: No file name specified
2024-10-23 13:44:18 [WARN] QFSFileEngine::open: No file name specified
2024-10-23 13:44:18 [WARN] Cannot open file '', because: No file name specified
2024-10-23 13:44:18 [WARN] QFSFileEngine::open: No file name specified
2024-10-23 13:44:18 [WARN] Cannot open file '', because: No file name specified
2024-10-23 13:44:18 [WARN] QFSFileEngine::open: No file name specified
2024-10-23 13:44:18 [WARN] Cannot open file '', because: No file name specified
2024-10-23 13:44:18 [WARN] QFSFileEngine::open: No file name specified
2024-10-23 13:44:18 [WARN] Cannot open file '', because: No file name specified
2024-10-23 13:44:18 [WARN] QFSFileEngine::open: No file name specified
2024-10-23 13:44:18 [WARN] Cannot open file '', because: No file name specified
2024-10-23 13:44:18 [WARN] QFSFileEngine::open: No file name specified
2024-10-23 13:44:18 [WARN] Cannot open file '', because: No file name specified
2024-10-23 13:44:18 [WARN] QFSFileEngine::open: No file name specified
2024-10-23 13:44:18 [WARN] Cannot open file '', because: No file name specified
2024-10-23 13:44:18 [INFO] osg_scene_root::traverse nv_class =  "CollectMatchGeodeVisitor" ,name =  "NodeVisitor"
2024-10-23 13:44:18 [WARN] QFSFileEngine::open: No file name specified
2024-10-23 13:44:18 [WARN] Cannot open file '', because: No file name specified
2024-10-23 13:44:18 [WARN] QFSFileEngine::open: No file name specified
2024-10-23 13:44:18 [WARN] Cannot open file '', because: No file name specified
2024-10-23 13:44:18 [WARN] QFSFileEngine::open: No file name specified
2024-10-23 13:44:18 [WARN] Cannot open file '', because: No file name specified
2024-10-23 13:44:18 [INFO] osg_scene_root::traverse nv_class =  "CollectMatchGeodeVisitor" ,name =  "NodeVisitor"
2024-10-23 13:44:18 [WARN] QFSFileEngine::open: No file name specified
2024-10-23 13:44:18 [WARN] Cannot open file '', because: No file name specified
2024-10-23 13:44:18 [INFO] osg_scene_root::traverse nv_class =  "CollectMatchGeodeVisitor" ,name =  "NodeVisitor"
2024-10-23 13:44:18 [WARN] QFSFileEngine::open: No file name specified
2024-10-23 13:44:18 [WARN] Cannot open file '', because: No file name specified
2024-10-23 13:44:18 [WARN] QFSFileEngine::open: No file name specified
2024-10-23 13:44:18 [WARN] Cannot open file '', because: No file name specified
2024-10-23 13:44:18 [WARN] QFSFileEngine::open: No file name specified
2024-10-23 13:44:18 [WARN] Cannot open file '', because: No file name specified
2024-10-23 13:44:18 [WARN] QFSFileEngine::open: No file name specified
2024-10-23 13:44:18 [WARN] Cannot open file '', because: No file name specified
2024-10-23 13:44:18 [WARN] QFSFileEngine::open: No file name specified
2024-10-23 13:44:18 [WARN] Cannot open file '', because: No file name specified
2024-10-23 13:44:19 [INFO] osg_scene_root::traverse nv_class =  "CollectMatchGeodeVisitor" ,name =  "NodeVisitor"
2024-10-23 13:44:19 [INFO] osg_scene_root::traverse nv_class =  "CollectMatchGeodeVisitor" ,name =  "NodeVisitor"
2024-10-23 13:44:19 [WARN] void __cdecl EventMiniHandlerCallback::event(const struct ReasonResponse *,unsigned int)
2024-10-23 13:44:19 [INFO] osg_scene_root::traverse nv_class =  "CollectMatchGeodeVisitor" ,name =  "NodeVisitor"
2024-10-23 13:44:19 [INFO] osg_scene_root::traverse nv_class =  "CollectMatchGeodeVisitor" ,name =  "NodeVisitor"
2024-10-23 13:44:19 [WARN] QFSFileEngine::open: No file name specified
2024-10-23 13:44:19 [WARN] Cannot open file '', because: No file name specified
2024-10-23 13:44:19 [WARN] QFSFileEngine::open: No file name specified
2024-10-23 13:44:19 [WARN] Cannot open file '', because: No file name specified
2024-10-23 13:44:19 [INFO] osg_scene_root::traverse nv_class =  "CollectMatchGeodeVisitor" ,name =  "NodeVisitor"
2024-10-23 13:44:19 [INFO] uiState:  false
2024-10-23 13:44:19 [WARN] enableMenuShortcut menushort cut: 8
2024-10-23 13:44:19 [INFO] osg_scene_root::traverse nv_class =  "CollectMatchGeodeVisitor" ,name =  "NodeVisitor"
2024-10-23 13:44:19 [INFO] uiState:  false
2024-10-23 13:44:19 [WARN] enableMenuShortcut menushort cut: 136
2024-10-23 13:44:19 [INFO] uiState:  false
2024-10-23 13:44:19 [WARN] enableMenuShortcut menushort cut: 128
2024-10-23 13:44:19 [INFO] "doReportImportModelResult!"
2024-10-23 13:44:19 [INFO] event:  "ga_report" data:  QVariant(QByteArray, "{\n    \"business\": \"model_prepare\",\n    \"elementContent\": \"Import Files\",\n    \"elementType\": \"BUTTON\",\n    \"event\": \"ImportModelResult\",\n    \"function\": \"import_model\",\n    \"module\": \"menu_bar\",\n    \"printerType\": \"LCD\",\n    \"title\": \"\"\n}\n") extentionData:  QVariant(QByteArray, "{\n    \"importType\": \"4\",\n    \"modelInformation\": [\n        {\n            \"fileName\": \"FTSH-107-01-L-DV-K-A\",\n            \"fileSize\": 436661,\n            \"fileType\": \"step\",\n            \"isSuccess\": 0\n        }\n    ],\n    \"numberOfModel\": 1\n}\n")
2024-10-23 13:44:19 [WARN] void __cdecl PrintersDataModel::onReasonResponse(const struct ReasonResponse *,int)
count = 231
2024-10-23 13:44:19 [WARN] gizmo emit sceneModelChanged
2024-10-23 13:44:19 [INFO] uiState:  false
2024-10-23 13:44:19 [WARN] enableMenuShortcut menushort cut: 136
2024-10-23 13:44:19 [INFO] uiState:  false
2024-10-23 13:44:19 [WARN] enableMenuShortcut menushort cut: 128
2024-10-23 13:44:19 [INFO] "doReadMachineLcd setMachine Anycubic Photon Mono X"
2024-10-23 13:44:19 [INFO] sendData:  "{\n    \"appName\": \"AnycubicPhotonWorkshop_V3.3.0\",\n    \"appVersion\": \"v3.3.0\",\n    \"business\": \"\",\n    \"city\": \"0\",\n    \"country\": \"\xE4\xBF\x9D\xE5\x8A\xA0\xE5\x88\xA9\xE4\xBA\x9A\",\n    \"elementContent\": \"\",\n    \"elementType\": \"\",\n    \"eventName\": \"ImportModelResult\",\n    \"function\": \"\",\n    \"isOverseasVersion\": true,\n    \"module\": \"\",\n    \"pcId\": \"af6c444f8dbc006df7f547801d21fd5e\",\n    \"printerType\": \"\",\n    \"province\": \"Sofia\",\n    \"timestamp\": 1729680259,\n    \"title\": \"\",\n    \"userId\": 0\n}\n"
2024-10-23 13:44:19 [WARN] ctrl_select IS_PROPERTY_SELECTED1  true 1
2024-10-23 13:44:19 [INFO] ComputeConditionNodeVisitor::apply(group):  "osg_model_group" nodeName =  "scene_model_root"
2024-10-23 13:44:19 [INFO] get_model_height() osg_model_group
2024-10-23 13:44:19 [INFO] ComputeConditionNodeVisitor::apply(group):  "osg_model_group" nodeName =  "scene_model_root"
2024-10-23 13:44:19 [INFO] ComputeConditionNodeVisitor::apply(group):  "osg_model_group" nodeName =  "scene_model_root"
2024-10-23 13:44:19 [INFO] send post data success!
2024-10-23 13:44:19 [INFO] uiState:  false
2024-10-23 13:44:19 [INFO] send post data success!
2024-10-23 13:44:22 [INFO] uiState:  false
2024-10-23 13:44:23 [INFO] uiState:  true
2024-10-23 13:44:23 [WARN] enableMenuShortcut menushort cut: 0
2024-10-23 13:44:25 [INFO] scene modifyed:  true
2024-10-23 13:44:25 [WARN] QFSFileEngine::open: No file name specified
2024-10-23 13:44:25 [WARN] Cannot open file '', because: No file name specified
2024-10-23 13:44:25 [INFO] uiState:  false
2024-10-23 13:44:26 [INFO] uiState:  true
2024-10-23 13:44:26 [INFO] save support file is success!
2024-10-23 13:44:26 [INFO] AnycubicPhotonWorkshop end!
2024-10-23 13:44:26 [WARN] QThreadStorage: Thread 0x1c08287da60 exited after QThreadStorage 7 destroyed
